c++ -g -std=c++17 -maix64 -pthread -I../../../library/include -I../../../../../ext/log4cplus/include -I../../../../../ext/boost/include -o authentication_flow_test main.cpp -L../../../library/lib/debug -L../../../../../ext/log4cplus/lib/debug -L../../../../../ext/boost/lib -lbasarlogin -lbasarcmnutil -lbasardebug -llog4cplus -lboost_system -lboost_filesystem -maix64 -pthread -Wl,-brtl
g++: error: unrecognized command-line option ‘-maix64’
g++: error: unrecognized command-line option ‘-maix64’
make: *** [makefile:28: authentication_flow_test] Error 1

ERROR: Build failed - executable not created
